# JRE version: OpenJDK Runtime Environment (8.0_402-b08) (build 1.8.0_402-b08)
# Java VM: OpenJDK 64-Bit Server VM (25.402-b08 mixed mode windows-amd64 compressed oops)
Heap:
 PSYoungGen      total 109568K, used 51586K [0x0000000776f80000, 0x0000000782680000, 0x00000007c0000000)
  eden space 93184K, 37% used [0x0000000776f80000,0x000000077920f2e8,0x000000077ca80000)
  from space 16384K, 98% used [0x000000077ca80000,0x000000077da517d0,0x000000077da80000)
  to   space 18944K, 0% used [0x0000000781400000,0x0000000781400000,0x0000000782680000)
 ParOldGen       total 86016K, used 10612K [0x00000006e4e00000, 0x00000006ea200000, 0x0000000776f80000)
  object space 86016K, 12% used [0x00000006e4e00000,0x00000006e585d208,0x00000006ea200000)
 Metaspace       used 29662K, capacity 30674K, committed 30848K, reserved 1077248K
  class space    used 3466K, capacity 3697K, committed 3712K, reserved 1048576K
GC Heap History (10 events):
Event: 2.717 GC heap before
{Heap before GC invocations=4 (full 0):
 PSYoungGen      total 65536K, used 11365K [0x0000000776f80000, 0x000000077b880000, 0x00000007c0000000)
  eden space 56320K, 3% used [0x0000000776f80000,0x000000077719b510,0x000000077a680000)
  from space 9216K, 99% used [0x000000077a680000,0x000000077af7e050,0x000000077af80000)
  to   space 9216K, 0% used [0x000000077af80000,0x000000077af80000,0x000000077b880000)
 ParOldGen       total 150528K, used 5164K [0x00000006e4e00000, 0x00000006ee100000, 0x0000000776f80000)
  object space 150528K, 3% used [0x00000006e4e00000,0x00000006e530b268,0x00000006ee100000)
 Metaspace       used 20402K, capacity 21094K, committed 21248K, reserved 1067008K
  class space    used 2493K, capacity 2704K, committed 2816K, reserved 1048576K
Event: 2.720 GC heap after
Heap after GC invocations=4 (full 0):
 PSYoungGen      total 65536K, used 9096K [0x0000000776f80000, 0x000000077ef80000, 0x00000007c0000000)
  eden space 56320K, 0% used [0x0000000776f80000,0x0000000776f80000,0x000000077a680000)
  from space 9216K, 98% used [0x000000077af80000,0x000000077b862020,0x000000077b880000)
  to   space 9216K, 0% used [0x000000077a680000,0x000000077a680000,0x000000077af80000)
 ParOldGen       total 150528K, used 5172K [0x00000006e4e00000, 0x00000006ee100000, 0x0000000776f80000)
  object space 150528K, 3% used [0x00000006e4e00000,0x00000006e530d268,0x00000006ee100000)
 Metaspace       used 20402K, capacity 21094K, committed 21248K, reserved 1067008K
  class space    used 2493K, capacity 2704K, committed 2816K, reserved 1048576K
}
Event: 2.720 GC heap before
{Heap before GC invocations=5 (full 1):
 PSYoungGen      total 65536K, used 9096K [0x0000000776f80000, 0x000000077ef80000, 0x00000007c0000000)
  eden space 56320K, 0% used [0x0000000776f80000,0x0000000776f80000,0x000000077a680000)
  from space 9216K, 98% used [0x000000077af80000,0x000000077b862020,0x000000077b880000)
  to   space 9216K, 0% used [0x000000077a680000,0x000000077a680000,0x000000077af80000)
 ParOldGen       total 150528K, used 5172K [0x00000006e4e00000, 0x00000006ee100000, 0x0000000776f80000)
  object space 150528K, 3% used [0x00000006e4e00000,0x00000006e530d268,0x00000006ee100000)
 Metaspace       used 20402K, capacity 21094K, committed 21248K, reserved 1067008K
  class space    used 2493K, capacity 2704K, committed 2816K, reserved 1048576K
Event: 2.755 GC heap after
Heap after GC invocations=5 (full 1):
 PSYoungGen      total 65536K, used 0K [0x0000000776f80000, 0x000000077ef80000, 0x00000007c0000000)
  eden space 56320K, 0% used [0x0000000776f80000,0x0000000776f80000,0x000000077a680000)
  from space 9216K, 0% used [0x000000077af80000,0x000000077af80000,0x000000077b880000)
  to   space 9216K, 0% used [0x000000077a680000,0x000000077a680000,0x000000077af80000)
 ParOldGen       total 86016K, used 10588K [0x00000006e4e00000, 0x00000006ea200000, 0x0000000776f80000)
  object space 86016K, 12% used [0x00000006e4e00000,0x00000006e5857208,0x00000006ea200000)
 Metaspace       used 20402K, capacity 21094K, committed 21248K, reserved 1067008K
  class space    used 2493K, capacity 2704K, committed 2816K, reserved 1048576K
}
Event: 3.492 GC heap before
{Heap before GC invocations=6 (full 1):
 PSYoungGen      total 65536K, used 56320K [0x0000000776f80000, 0x000000077ef80000, 0x00000007c0000000)
  eden space 56320K, 100% used [0x0000000776f80000,0x000000077a680000,0x000000077a680000)
  from space 9216K, 0% used [0x000000077af80000,0x000000077af80000,0x000000077b880000)
  to   space 9216K, 0% used [0x000000077a680000,0x000000077a680000,0x000000077af80000)
 ParOldGen       total 86016K, used 10588K [0x00000006e4e00000, 0x00000006ea200000, 0x0000000776f80000)
  object space 86016K, 12% used [0x00000006e4e00000,0x00000006e5857208,0x00000006ea200000)
 Metaspace       used 21910K, capacity 22710K, committed 22784K, reserved 1069056K
  class space    used 2606K, capacity 2800K, committed 2816K, reserved 1048576K
Event: 3.495 GC heap after
Heap after GC invocations=6 (full 1):
 PSYoungGen      total 65536K, used 4092K [0x0000000776f80000, 0x000000077e980000, 0x00000007c0000000)
  eden space 56320K, 0% used [0x0000000776f80000,0x0000000776f80000,0x000000077a680000)
  from space 9216K, 44% used [0x000000077a680000,0x000000077aa7f0f0,0x000000077af80000)
  to   space 14848K, 0% used [0x000000077db00000,0x000000077db00000,0x000000077e980000)
 ParOldGen       total 86016K, used 10596K [0x00000006e4e00000, 0x00000006ea200000, 0x0000000776f80000)
  object space 86016K, 12% used [0x00000006e4e00000,0x00000006e5859208,0x00000006ea200000)
 Metaspace       used 21910K, capacity 22710K, committed 22784K, reserved 1069056K
  class space    used 2606K, capacity 2800K, committed 2816K, reserved 1048576K
}
Event: 4.226 GC heap before
{Heap before GC invocations=7 (full 1):
 PSYoungGen      total 65536K, used 60412K [0x0000000776f80000, 0x000000077e980000, 0x00000007c0000000)
  eden space 56320K, 100% used [0x0000000776f80000,0x000000077a680000,0x000000077a680000)
  from space 9216K, 44% used [0x000000077a680000,0x000000077aa7f0f0,0x000000077af80000)
  to   space 14848K, 0% used [0x000000077db00000,0x000000077db00000,0x000000077e980000)
 ParOldGen       total 86016K, used 10596K [0x00000006e4e00000, 0x00000006ea200000, 0x0000000776f80000)
  object space 86016K, 12% used [0x00000006e4e00000,0x00000006e5859208,0x00000006ea200000)
 Metaspace       used 26934K, capacity 27840K, committed 28032K, reserved 1073152K
  class space    used 3200K, capacity 3425K, committed 3456K, reserved 1048576K
Event: 4.234 GC heap after
Heap after GC invocations=7 (full 1):
 PSYoungGen      total 108032K, used 13068K [0x0000000776f80000, 0x000000077ea80000, 0x00000007c0000000)
  eden space 93184K, 0% used [0x0000000776f80000,0x0000000776f80000,0x000000077ca80000)
  from space 14848K, 88% used [0x000000077db00000,0x000000077e7c3390,0x000000077e980000)
  to   space 16384K, 0% used [0x000000077ca80000,0x000000077ca80000,0x000000077da80000)
 ParOldGen       total 86016K, used 10604K [0x00000006e4e00000, 0x00000006ea200000, 0x0000000776f80000)
  object space 86016K, 12% used [0x00000006e4e00000,0x00000006e585b208,0x00000006ea200000)
 Metaspace       used 26934K, capacity 27840K, committed 28032K, reserved 1073152K
  class space    used 3200K, capacity 3425K, committed 3456K, reserved 1048576K
}
Event: 5.521 GC heap before
{Heap before GC invocations=8 (full 1):
 PSYoungGen      total 108032K, used 106252K [0x0000000776f80000, 0x000000077ea80000, 0x00000007c0000000)
  eden space 93184K, 100% used [0x0000000776f80000,0x000000077ca80000,0x000000077ca80000)
  from space 14848K, 88% used [0x000000077db00000,0x000000077e7c3390,0x000000077e980000)
  to   space 16384K, 0% used [0x000000077ca80000,0x000000077ca80000,0x000000077da80000)
 ParOldGen       total 86016K, used 10604K [0x00000006e4e00000, 0x00000006ea200000, 0x0000000776f80000)
  object space 86016K, 12% used [0x00000006e4e00000,0x00000006e585b208,0x00000006ea200000)
 Metaspace       used 29436K, capacity 30468K, committed 30592K, reserved 1077248K
  class space    used 3463K, capacity 3693K, committed 3712K, reserved 1048576K
Event: 5.529 GC heap after
Heap after GC invocations=8 (full 1):
 PSYoungGen      total 109568K, used 16197K [0x0000000776f80000, 0x0000000782680000, 0x00000007c0000000)
  eden space 93184K, 0% used [0x0000000776f80000,0x0000000776f80000,0x000000077ca80000)
  from space 16384K, 98% used [0x000000077ca80000,0x000000077da517d0,0x000000077da80000)
  to   space 18944K, 0% used [0x0000000781400000,0x0000000781400000,0x0000000782680000)
 ParOldGen       total 86016K, used 10612K [0x00000006e4e00000, 0x00000006ea200000, 0x0000000776f80000)
  object space 86016K, 12% used [0x00000006e4e00000,0x00000006e585d208,0x00000006ea200000)
 Metaspace       used 29436K, capacity 30468K, committed 30592K, reserved 1077248K
  class space    used 3463K, capacity 3693K, committed 3712K, reserved 1048576K
}

